# JRE version: Java(TM) SE Runtime Environment (8.0_162-b12) (build 1.8.0_162-b12)
# Java VM: Java HotSpot(TM) 64-Bit Server VM (25.162-b12 mixed mode windows-amd64 compressed oops)
Heap:
 PSYoungGen      total 201728K, used 61701K [0x00000000d6100000, 0x00000000e7900000, 0x0000000100000000)
  eden space 189440K, 26% used [0x00000000d6100000,0x00000000d91438c0,0x00000000e1a00000)
  from space 12288K, 99% used [0x00000000e6d00000,0x00000000e78fdee8,0x00000000e7900000)
  to   space 16384K, 0% used [0x00000000e5900000,0x00000000e5900000,0x00000000e6900000)
 ParOldGen       total 69632K, used 15004K [0x0000000082200000, 0x0000000086600000, 0x00000000d6100000)
  object space 69632K, 21% used [0x0000000082200000,0x00000000830a7168,0x0000000086600000)
 Metaspace       used 30383K, capacity 31004K, committed 31152K, reserved 1077248K
  class space    used 3556K, capacity 3751K, committed 3760K, reserved 1048576K
GC Heap History (10 events):
Event: 2.961 GC heap before
{Heap before GC invocations=3 (full 0):
 PSYoungGen      total 70656K, used 69544K [0x00000000d6100000, 0x00000000dab00000, 0x0000000100000000)
  eden space 65536K, 100% used [0x00000000d6100000,0x00000000da100000,0x00000000da100000)
  from space 5120K, 78% used [0x00000000da600000,0x00000000da9ea250,0x00000000dab00000)
  to   space 5120K, 0% used [0x00000000da100000,0x00000000da100000,0x00000000da600000)
 ParOldGen       total 86016K, used 8K [0x0000000082200000, 0x0000000087600000, 0x00000000d6100000)
  object space 86016K, 0% used [0x0000000082200000,0x0000000082202000,0x0000000087600000)
 Metaspace       used 13700K, capacity 13916K, committed 14080K, reserved 1060864K
  class space    used 1652K, capacity 1738K, committed 1792K, reserved 1048576K
Event: 2.970 GC heap after
Heap after GC invocations=3 (full 0):
 PSYoungGen      total 70656K, used 5105K [0x00000000d6100000, 0x00000000deb00000, 0x0000000100000000)
  eden space 65536K, 0% used [0x00000000d6100000,0x00000000d6100000,0x00000000da100000)
  from space 5120K, 99% used [0x00000000da100000,0x00000000da5fc5f0,0x00000000da600000)
  to   space 5120K, 0% used [0x00000000de600000,0x00000000de600000,0x00000000deb00000)
 ParOldGen       total 86016K, used 2771K [0x0000000082200000, 0x0000000087600000, 0x00000000d6100000)
  object space 86016K, 3% used [0x0000000082200000,0x00000000824b4d78,0x0000000087600000)
 Metaspace       used 13700K, capacity 13916K, committed 14080K, reserved 1060864K
  class space    used 1652K, capacity 1738K, committed 1792K, reserved 1048576K
}
Event: 4.069 GC heap before
{Heap before GC invocations=4 (full 0):
 PSYoungGen      total 70656K, used 70641K [0x00000000d6100000, 0x00000000deb00000, 0x0000000100000000)
  eden space 65536K, 100% used [0x00000000d6100000,0x00000000da100000,0x00000000da100000)
  from space 5120K, 99% used [0x00000000da100000,0x00000000da5fc5f0,0x00000000da600000)
  to   space 5120K, 0% used [0x00000000de600000,0x00000000de600000,0x00000000deb00000)
 ParOldGen       total 86016K, used 2771K [0x0000000082200000, 0x0000000087600000, 0x00000000d6100000)
  object space 86016K, 3% used [0x0000000082200000,0x00000000824b4d78,0x0000000087600000)
 Metaspace       used 16690K, capacity 17000K, committed 17152K, reserved 1064960K
  class space    used 1966K, capacity 2044K, committed 2048K, reserved 1048576K
Event: 4.082 GC heap after
Heap after GC invocations=4 (full 0):
 PSYoungGen      total 136192K, used 5112K [0x00000000d6100000, 0x00000000deb00000, 0x0000000100000000)
  eden space 131072K, 0% used [0x00000000d6100000,0x00000000d6100000,0x00000000de100000)
  from space 5120K, 99% used [0x00000000de600000,0x00000000deafe030,0x00000000deb00000)
  to   space 5120K, 0% used [0x00000000de100000,0x00000000de100000,0x00000000de600000)
 ParOldGen       total 86016K, used 6822K [0x0000000082200000, 0x0000000087600000, 0x00000000d6100000)
  object space 86016K, 7% used [0x0000000082200000,0x00000000828a9a20,0x0000000087600000)
 Metaspace       used 16690K, capacity 17000K, committed 17152K, reserved 1064960K
  class space    used 1966K, capacity 2044K, committed 2048K, reserved 1048576K
}
Event: 5.501 GC heap before
{Heap before GC invocations=5 (full 0):
 PSYoungGen      total 136192K, used 104450K [0x00000000d6100000, 0x00000000deb00000, 0x0000000100000000)
  eden space 131072K, 75% used [0x00000000d6100000,0x00000000dc202860,0x00000000de100000)
  from space 5120K, 99% used [0x00000000de600000,0x00000000deafe030,0x00000000deb00000)
  to   space 5120K, 0% used [0x00000000de100000,0x00000000de100000,0x00000000de600000)
 ParOldGen       total 86016K, used 6822K [0x0000000082200000, 0x0000000087600000, 0x00000000d6100000)
  object space 86016K, 7% used [0x0000000082200000,0x00000000828a9a20,0x0000000087600000)
 Metaspace       used 20803K, capacity 21186K, committed 21296K, reserved 1069056K
  class space    used 2473K, capacity 2589K, committed 2608K, reserved 1048576K
Event: 5.522 GC heap after
Heap after GC invocations=5 (full 0):
 PSYoungGen      total 136192K, used 5088K [0x00000000d6100000, 0x00000000e7900000, 0x0000000100000000)
  eden space 131072K, 0% used [0x00000000d6100000,0x00000000d6100000,0x00000000de100000)
  from space 5120K, 99% used [0x00000000de100000,0x00000000de5f8020,0x00000000de600000)
  to   space 12288K, 0% used [0x00000000e6d00000,0x00000000e6d00000,0x00000000e7900000)
 ParOldGen       total 86016K, used 11598K [0x0000000082200000, 0x0000000087600000, 0x00000000d6100000)
  object space 86016K, 13% used [0x0000000082200000,0x0000000082d539a0,0x0000000087600000)
 Metaspace       used 20803K, capacity 21186K, committed 21296K, reserved 1069056K
  class space    used 2473K, capacity 2589K, committed 2608K, reserved 1048576K
}
Event: 5.522 GC heap before
{Heap before GC invocations=6 (full 1):
 PSYoungGen      total 136192K, used 5088K [0x00000000d6100000, 0x00000000e7900000, 0x0000000100000000)
  eden space 131072K, 0% used [0x00000000d6100000,0x00000000d6100000,0x00000000de100000)
  from space 5120K, 99% used [0x00000000de100000,0x00000000de5f8020,0x00000000de600000)
  to   space 12288K, 0% used [0x00000000e6d00000,0x00000000e6d00000,0x00000000e7900000)
 ParOldGen       total 86016K, used 11598K [0x0000000082200000, 0x0000000087600000, 0x00000000d6100000)
  object space 86016K, 13% used [0x0000000082200000,0x0000000082d539a0,0x0000000087600000)
 Metaspace       used 20803K, capacity 21186K, committed 21296K, reserved 1069056K
  class space    used 2473K, capacity 2589K, committed 2608K, reserved 1048576K
Event: 5.599 GC heap after
Heap after GC invocations=6 (full 1):
 PSYoungGen      total 136192K, used 0K [0x00000000d6100000, 0x00000000e7900000, 0x0000000100000000)
  eden space 131072K, 0% used [0x00000000d6100000,0x00000000d6100000,0x00000000de100000)
  from space 5120K, 0% used [0x00000000de100000,0x00000000de100000,0x00000000de600000)
  to   space 12288K, 0% used [0x00000000e6d00000,0x00000000e6d00000,0x00000000e7900000)
 ParOldGen       total 69632K, used 11741K [0x0000000082200000, 0x0000000086600000, 0x00000000d6100000)
  object space 69632K, 16% used [0x0000000082200000,0x0000000082d77408,0x0000000086600000)
 Metaspace       used 20803K, capacity 21186K, committed 21296K, reserved 1069056K
  class space    used 2473K, capacity 2589K, committed 2608K, reserved 1048576K
}
Event: 8.524 GC heap before
{Heap before GC invocations=7 (full 1):
 PSYoungGen      total 136192K, used 131072K [0x00000000d6100000, 0x00000000e7900000, 0x0000000100000000)
  eden space 131072K, 100% used [0x00000000d6100000,0x00000000de100000,0x00000000de100000)
  from space 5120K, 0% used [0x00000000de100000,0x00000000de100000,0x00000000de600000)
  to   space 12288K, 0% used [0x00000000e6d00000,0x00000000e6d00000,0x00000000e7900000)
 ParOldGen       total 69632K, used 11741K [0x0000000082200000, 0x0000000086600000, 0x00000000d6100000)
  object space 69632K, 16% used [0x0000000082200000,0x0000000082d77408,0x0000000086600000)
 Metaspace       used 28936K, capacity 29552K, committed 29744K, reserved 1075200K
  class space    used 3388K, capacity 3588K, committed 3632K, reserved 1048576K
Event: 8.557 GC heap after
Heap after GC invocations=7 (full 1):
 PSYoungGen      total 201728K, used 12279K [0x00000000d6100000, 0x00000000e7900000, 0x0000000100000000)
  eden space 189440K, 0% used [0x00000000d6100000,0x00000000d6100000,0x00000000e1a00000)
  from space 12288K, 99% used [0x00000000e6d00000,0x00000000e78fdee8,0x00000000e7900000)
  to   space 16384K, 0% used [0x00000000e5900000,0x00000000e5900000,0x00000000e6900000)
 ParOldGen       total 69632K, used 15004K [0x0000000082200000, 0x0000000086600000, 0x00000000d6100000)
  object space 69632K, 21% used [0x0000000082200000,0x00000000830a7168,0x0000000086600000)
 Metaspace       used 28936K, capacity 29552K, committed 29744K, reserved 1075200K
  class space    used 3388K, capacity 3588K, committed 3632K, reserved 1048576K
}

