# JRE version: Java(TM) SE Runtime Environment (8.0_162-b12) (build 1.8.0_162-b12)
# Java VM: Java HotSpot(TM) 64-Bit Server VM (25.162-b12 mixed mode windows-amd64 compressed oops)
Heap:
 PSYoungGen      total 387584K, used 152770K [0x00000000d6100000, 0x00000000fae80000, 0x0000000100000000)
  eden space 346624K, 44% used [0x00000000d6100000,0x00000000df630850,0x00000000eb380000)
  from space 40960K, 0% used [0x00000000eb380000,0x00000000eb380000,0x00000000edb80000)
  to   space 39424K, 0% used [0x00000000f8800000,0x00000000f8800000,0x00000000fae80000)
 ParOldGen       total 133120K, used 40847K [0x0000000082200000, 0x000000008a400000, 0x00000000d6100000)
  object space 133120K, 30% used [0x0000000082200000,0x00000000849e3f28,0x000000008a400000)
 Metaspace       used 57157K, capacity 58014K, committed 58236K, reserved 1101824K
  class space    used 6546K, capacity 6783K, committed 6832K, reserved 1048576K
GC Heap History (10 events):
Event: 14.725 GC heap before
{Heap before GC invocations=12 (full 2):
 PSYoungGen      total 301568K, used 25579K [0x00000000d6100000, 0x00000000f0b00000, 0x0000000100000000)
  eden space 275968K, 0% used [0x00000000d6100000,0x00000000d6100000,0x00000000e6e80000)
  from space 25600K, 99% used [0x00000000e9380000,0x00000000eac7af30,0x00000000eac80000)
  to   space 37888K, 0% used [0x00000000e6e80000,0x00000000e6e80000,0x00000000e9380000)
 ParOldGen       total 62976K, used 62791K [0x0000000082200000, 0x0000000085f80000, 0x00000000d6100000)
  object space 62976K, 99% used [0x0000000082200000,0x0000000085f51f30,0x0000000085f80000)
 Metaspace       used 30534K, capacity 31196K, committed 31408K, reserved 1077248K
  class space    used 3563K, capacity 3751K, committed 3760K, reserved 1048576K
Event: 14.983 GC heap after
Heap after GC invocations=12 (full 2):
 PSYoungGen      total 301568K, used 0K [0x00000000d6100000, 0x00000000f0b00000, 0x0000000100000000)
  eden space 275968K, 0% used [0x00000000d6100000,0x00000000d6100000,0x00000000e6e80000)
  from space 25600K, 0% used [0x00000000e9380000,0x00000000e9380000,0x00000000eac80000)
  to   space 37888K, 0% used [0x00000000e6e80000,0x00000000e6e80000,0x00000000e9380000)
 ParOldGen       total 147456K, used 60977K [0x0000000082200000, 0x000000008b200000, 0x00000000d6100000)
  object space 147456K, 41% used [0x0000000082200000,0x0000000085d8c5d0,0x000000008b200000)
 Metaspace       used 30534K, capacity 31196K, committed 31408K, reserved 1077248K
  class space    used 3563K, capacity 3751K, committed 3760K, reserved 1048576K
}
Event: 17.488 GC heap before
{Heap before GC invocations=13 (full 2):
 PSYoungGen      total 301568K, used 275968K [0x00000000d6100000, 0x00000000f0b00000, 0x0000000100000000)
  eden space 275968K, 100% used [0x00000000d6100000,0x00000000e6e80000,0x00000000e6e80000)
  from space 25600K, 0% used [0x00000000e9380000,0x00000000e9380000,0x00000000eac80000)
  to   space 37888K, 0% used [0x00000000e6e80000,0x00000000e6e80000,0x00000000e9380000)
 ParOldGen       total 147456K, used 60977K [0x0000000082200000, 0x000000008b200000, 0x00000000d6100000)
  object space 147456K, 41% used [0x0000000082200000,0x0000000085d8c5d0,0x000000008b200000)
 Metaspace       used 38925K, capacity 39596K, committed 39984K, reserved 1085440K
  class space    used 4584K, capacity 4796K, committed 4912K, reserved 1048576K
Event: 17.522 GC heap after
Heap after GC invocations=13 (full 2):
 PSYoungGen      total 313856K, used 32386K [0x00000000d6100000, 0x00000000f1000000, 0x0000000100000000)
  eden space 275968K, 0% used [0x00000000d6100000,0x00000000d6100000,0x00000000e6e80000)
  from space 37888K, 85% used [0x00000000e6e80000,0x00000000e8e20830,0x00000000e9380000)
  to   space 41984K, 0% used [0x00000000ee700000,0x00000000ee700000,0x00000000f1000000)
 ParOldGen       total 147456K, used 60985K [0x0000000082200000, 0x000000008b200000, 0x00000000d6100000)
  object space 147456K, 41% used [0x0000000082200000,0x0000000085d8e5d0,0x000000008b200000)
 Metaspace       used 38925K, capacity 39596K, committed 39984K, reserved 1085440K
  class space    used 4584K, capacity 4796K, committed 4912K, reserved 1048576K
}
Event: 37.268 GC heap before
{Heap before GC invocations=14 (full 2):
 PSYoungGen      total 313856K, used 308354K [0x00000000d6100000, 0x00000000f1000000, 0x0000000100000000)
  eden space 275968K, 100% used [0x00000000d6100000,0x00000000e6e80000,0x00000000e6e80000)
  from space 37888K, 85% used [0x00000000e6e80000,0x00000000e8e20830,0x00000000e9380000)
  to   space 41984K, 0% used [0x00000000ee700000,0x00000000ee700000,0x00000000f1000000)
 ParOldGen       total 147456K, used 60985K [0x0000000082200000, 0x000000008b200000, 0x00000000d6100000)
  object space 147456K, 41% used [0x0000000082200000,0x0000000085d8e5d0,0x000000008b200000)
 Metaspace       used 51351K, capacity 52120K, committed 52348K, reserved 1095680K
  class space    used 6085K, capacity 6294K, committed 6320K, reserved 1048576K
Event: 37.302 GC heap after
Heap after GC invocations=14 (full 2):
 PSYoungGen      total 375808K, used 19231K [0x00000000d6100000, 0x00000000f0380000, 0x0000000100000000)
  eden space 346624K, 0% used [0x00000000d6100000,0x00000000d6100000,0x00000000eb380000)
  from space 29184K, 65% used [0x00000000ee700000,0x00000000ef9c7ce0,0x00000000f0380000)
  to   space 40960K, 0% used [0x00000000eb380000,0x00000000eb380000,0x00000000edb80000)
 ParOldGen       total 147456K, used 70434K [0x0000000082200000, 0x000000008b200000, 0x00000000d6100000)
  object space 147456K, 47% used [0x0000000082200000,0x00000000866c8b08,0x000000008b200000)
 Metaspace       used 51351K, capacity 52120K, committed 52348K, reserved 1095680K
  class space    used 6085K, capacity 6294K, committed 6320K, reserved 1048576K
}
Event: 37.309 GC heap before
{Heap before GC invocations=15 (full 2):
 PSYoungGen      total 375808K, used 20611K [0x00000000d6100000, 0x00000000f0380000, 0x0000000100000000)
  eden space 346624K, 0% used [0x00000000d6100000,0x00000000d6259068,0x00000000eb380000)
  from space 29184K, 65% used [0x00000000ee700000,0x00000000ef9c7ce0,0x00000000f0380000)
  to   space 40960K, 0% used [0x00000000eb380000,0x00000000eb380000,0x00000000edb80000)
 ParOldGen       total 147456K, used 70434K [0x0000000082200000, 0x000000008b200000, 0x00000000d6100000)
  object space 147456K, 47% used [0x0000000082200000,0x00000000866c8b08,0x000000008b200000)
 Metaspace       used 51368K, capacity 52120K, committed 52348K, reserved 1095680K
  class space    used 6087K, capacity 6294K, committed 6320K, reserved 1048576K
Event: 37.319 GC heap after
Heap after GC invocations=15 (full 2):
 PSYoungGen      total 387584K, used 9116K [0x00000000d6100000, 0x00000000fae80000, 0x0000000100000000)
  eden space 346624K, 0% used [0x00000000d6100000,0x00000000d6100000,0x00000000eb380000)
  from space 40960K, 22% used [0x00000000eb380000,0x00000000ebc673d8,0x00000000edb80000)
  to   space 39424K, 0% used [0x00000000f8800000,0x00000000f8800000,0x00000000fae80000)
 ParOldGen       total 147456K, used 70442K [0x0000000082200000, 0x000000008b200000, 0x00000000d6100000)
  object space 147456K, 47% used [0x0000000082200000,0x00000000866cab08,0x000000008b200000)
 Metaspace       used 51368K, capacity 52120K, committed 52348K, reserved 1095680K
  class space    used 6087K, capacity 6294K, committed 6320K, reserved 1048576K
}
Event: 37.320 GC heap before
{Heap before GC invocations=16 (full 3):
 PSYoungGen      total 387584K, used 9116K [0x00000000d6100000, 0x00000000fae80000, 0x0000000100000000)
  eden space 346624K, 0% used [0x00000000d6100000,0x00000000d6100000,0x00000000eb380000)
  from space 40960K, 22% used [0x00000000eb380000,0x00000000ebc673d8,0x00000000edb80000)
  to   space 39424K, 0% used [0x00000000f8800000,0x00000000f8800000,0x00000000fae80000)
 ParOldGen       total 147456K, used 70442K [0x0000000082200000, 0x000000008b200000, 0x00000000d6100000)
  object space 147456K, 47% used [0x0000000082200000,0x00000000866cab08,0x000000008b200000)
 Metaspace       used 51368K, capacity 52120K, committed 52348K, reserved 1095680K
  class space    used 6087K, capacity 6294K, committed 6320K, reserved 1048576K
Event: 37.844 GC heap after
Heap after GC invocations=16 (full 3):
 PSYoungGen      total 387584K, used 0K [0x00000000d6100000, 0x00000000fae80000, 0x0000000100000000)
  eden space 346624K, 0% used [0x00000000d6100000,0x00000000d6100000,0x00000000eb380000)
  from space 40960K, 0% used [0x00000000eb380000,0x00000000eb380000,0x00000000edb80000)
  to   space 39424K, 0% used [0x00000000f8800000,0x00000000f8800000,0x00000000fae80000)
 ParOldGen       total 133120K, used 40847K [0x0000000082200000, 0x000000008a400000, 0x00000000d6100000)
  object space 133120K, 30% used [0x0000000082200000,0x00000000849e3f28,0x000000008a400000)
 Metaspace       used 51368K, capacity 52120K, committed 52348K, reserved 1095680K
  class space    used 6087K, capacity 6294K, committed 6320K, reserved 1048576K
}

