# JRE version: Java(TM) SE Runtime Environment (8.0_162-b12) (build 1.8.0_162-b12)
# Java VM: Java HotSpot(TM) 64-Bit Server VM (25.162-b12 mixed mode windows-amd64 compressed oops)
Heap:
 PSYoungGen      total 266752K, used 140272K [0x00000000d6100000, 0x00000000e9680000, 0x0000000100000000)
  eden space 252928K, 49% used [0x00000000d6100000,0x00000000ddc7c6e8,0x00000000e5800000)
  from space 13824K, 99% used [0x00000000e5800000,0x00000000e657fcc8,0x00000000e6580000)
  to   space 25088K, 0% used [0x00000000e7e00000,0x00000000e7e00000,0x00000000e9680000)
 ParOldGen       total 61440K, used 39767K [0x0000000082200000, 0x0000000085e00000, 0x00000000d6100000)
  object space 61440K, 64% used [0x0000000082200000,0x00000000848d5e38,0x0000000085e00000)
 Metaspace       used 30394K, capacity 30912K, committed 31152K, reserved 1077248K
  class space    used 3551K, capacity 3719K, committed 3760K, reserved 1048576K
GC Heap History (10 events):
Event: 5.784 GC heap before
{Heap before GC invocations=6 (full 0):
 PSYoungGen      total 70656K, used 70632K [0x00000000d6100000, 0x00000000df300000, 0x0000000100000000)
  eden space 65536K, 100% used [0x00000000d6100000,0x00000000da100000,0x00000000da100000)
  from space 5120K, 99% used [0x00000000da100000,0x00000000da5fa020,0x00000000da600000)
  to   space 9216K, 0% used [0x00000000dea00000,0x00000000dea00000,0x00000000df300000)
 ParOldGen       total 86016K, used 4753K [0x0000000082200000, 0x0000000087600000, 0x00000000d6100000)
  object space 86016K, 5% used [0x0000000082200000,0x00000000826a45b8,0x0000000087600000)
 Metaspace       used 18197K, capacity 18606K, committed 18944K, reserved 1067008K
  class space    used 2098K, capacity 2197K, committed 2304K, reserved 1048576K
Event: 5.806 GC heap after
Heap after GC invocations=6 (full 0):
 PSYoungGen      total 139264K, used 9074K [0x00000000d6100000, 0x00000000df500000, 0x0000000100000000)
  eden space 130048K, 0% used [0x00000000d6100000,0x00000000d6100000,0x00000000de000000)
  from space 9216K, 98% used [0x00000000dea00000,0x00000000df2dcab8,0x00000000df300000)
  to   space 10240K, 0% used [0x00000000de000000,0x00000000de000000,0x00000000dea00000)
 ParOldGen       total 86016K, used 4761K [0x0000000082200000, 0x0000000087600000, 0x00000000d6100000)
  object space 86016K, 5% used [0x0000000082200000,0x00000000826a65b8,0x0000000087600000)
 Metaspace       used 18197K, capacity 18606K, committed 18944K, reserved 1067008K
  class space    used 2098K, capacity 2197K, committed 2304K, reserved 1048576K
}
Event: 6.233 GC heap before
{Heap before GC invocations=7 (full 0):
 PSYoungGen      total 139264K, used 42825K [0x00000000d6100000, 0x00000000df500000, 0x0000000100000000)
  eden space 130048K, 25% used [0x00000000d6100000,0x00000000d81f5c48,0x00000000de000000)
  from space 9216K, 98% used [0x00000000dea00000,0x00000000df2dcab8,0x00000000df300000)
  to   space 10240K, 0% used [0x00000000de000000,0x00000000de000000,0x00000000dea00000)
 ParOldGen       total 86016K, used 4761K [0x0000000082200000, 0x0000000087600000, 0x00000000d6100000)
  object space 86016K, 5% used [0x0000000082200000,0x00000000826a65b8,0x0000000087600000)
 Metaspace       used 20855K, capacity 21254K, committed 21296K, reserved 1069056K
  class space    used 2477K, capacity 2589K, committed 2608K, reserved 1048576K
Event: 6.253 GC heap after
Heap after GC invocations=7 (full 0):
 PSYoungGen      total 140288K, used 6465K [0x00000000d6100000, 0x00000000e7300000, 0x0000000100000000)
  eden space 130048K, 0% used [0x00000000d6100000,0x00000000d6100000,0x00000000de000000)
  from space 10240K, 63% used [0x00000000de000000,0x00000000de650550,0x00000000dea00000)
  to   space 10240K, 0% used [0x00000000e6900000,0x00000000e6900000,0x00000000e7300000)
 ParOldGen       total 86016K, used 6949K [0x0000000082200000, 0x0000000087600000, 0x00000000d6100000)
  object space 86016K, 8% used [0x0000000082200000,0x00000000828c9628,0x0000000087600000)
 Metaspace       used 20855K, capacity 21254K, committed 21296K, reserved 1069056K
  class space    used 2477K, capacity 2589K, committed 2608K, reserved 1048576K
}
Event: 6.253 GC heap before
{Heap before GC invocations=8 (full 1):
 PSYoungGen      total 140288K, used 6465K [0x00000000d6100000, 0x00000000e7300000, 0x0000000100000000)
  eden space 130048K, 0% used [0x00000000d6100000,0x00000000d6100000,0x00000000de000000)
  from space 10240K, 63% used [0x00000000de000000,0x00000000de650550,0x00000000dea00000)
  to   space 10240K, 0% used [0x00000000e6900000,0x00000000e6900000,0x00000000e7300000)
 ParOldGen       total 86016K, used 6949K [0x0000000082200000, 0x0000000087600000, 0x00000000d6100000)
  object space 86016K, 8% used [0x0000000082200000,0x00000000828c9628,0x0000000087600000)
 Metaspace       used 20855K, capacity 21254K, committed 21296K, reserved 1069056K
  class space    used 2477K, capacity 2589K, committed 2608K, reserved 1048576K
Event: 6.349 GC heap after
Heap after GC invocations=8 (full 1):
 PSYoungGen      total 140288K, used 0K [0x00000000d6100000, 0x00000000e7300000, 0x0000000100000000)
  eden space 130048K, 0% used [0x00000000d6100000,0x00000000d6100000,0x00000000de000000)
  from space 10240K, 0% used [0x00000000de000000,0x00000000de000000,0x00000000dea00000)
  to   space 10240K, 0% used [0x00000000e6900000,0x00000000e6900000,0x00000000e7300000)
 ParOldGen       total 61440K, used 10486K [0x0000000082200000, 0x0000000085e00000, 0x00000000d6100000)
  object space 61440K, 17% used [0x0000000082200000,0x0000000082c3dbc0,0x0000000085e00000)
 Metaspace       used 20855K, capacity 21254K, committed 21296K, reserved 1069056K
  class space    used 2477K, capacity 2589K, committed 2608K, reserved 1048576K
}
Event: 8.995 GC heap before
{Heap before GC invocations=9 (full 1):
 PSYoungGen      total 140288K, used 130048K [0x00000000d6100000, 0x00000000e7300000, 0x0000000100000000)
  eden space 130048K, 100% used [0x00000000d6100000,0x00000000de000000,0x00000000de000000)
  from space 10240K, 0% used [0x00000000de000000,0x00000000de000000,0x00000000dea00000)
  to   space 10240K, 0% used [0x00000000e6900000,0x00000000e6900000,0x00000000e7300000)
 ParOldGen       total 61440K, used 10486K [0x0000000082200000, 0x0000000085e00000, 0x00000000d6100000)
  object space 61440K, 17% used [0x0000000082200000,0x0000000082c3dbc0,0x0000000085e00000)
 Metaspace       used 28880K, capacity 29396K, committed 29488K, reserved 1075200K
  class space    used 3387K, capacity 3556K, committed 3632K, reserved 1048576K
Event: 9.026 GC heap after
Heap after GC invocations=9 (full 1):
 PSYoungGen      total 211456K, used 10233K [0x00000000d6100000, 0x00000000e7300000, 0x0000000100000000)
  eden space 201216K, 0% used [0x00000000d6100000,0x00000000d6100000,0x00000000e2580000)
  from space 10240K, 99% used [0x00000000e6900000,0x00000000e72fe720,0x00000000e7300000)
  to   space 13824K, 0% used [0x00000000e5800000,0x00000000e5800000,0x00000000e6580000)
 ParOldGen       total 61440K, used 15780K [0x0000000082200000, 0x0000000085e00000, 0x00000000d6100000)
  object space 61440K, 25% used [0x0000000082200000,0x00000000831691c0,0x0000000085e00000)
 Metaspace       used 28880K, capacity 29396K, committed 29488K, reserved 1075200K
  class space    used 3387K, capacity 3556K, committed 3632K, reserved 1048576K
}
Event: 11.056 GC heap before
{Heap before GC invocations=10 (full 1):
 PSYoungGen      total 211456K, used 211449K [0x00000000d6100000, 0x00000000e7300000, 0x0000000100000000)
  eden space 201216K, 100% used [0x00000000d6100000,0x00000000e2580000,0x00000000e2580000)
  from space 10240K, 99% used [0x00000000e6900000,0x00000000e72fe720,0x00000000e7300000)
  to   space 13824K, 0% used [0x00000000e5800000,0x00000000e5800000,0x00000000e6580000)
 ParOldGen       total 61440K, used 15780K [0x0000000082200000, 0x0000000085e00000, 0x00000000d6100000)
  object space 61440K, 25% used [0x0000000082200000,0x00000000831691c0,0x0000000085e00000)
 Metaspace       used 30391K, capacity 30912K, committed 31152K, reserved 1077248K
  class space    used 3551K, capacity 3719K, committed 3760K, reserved 1048576K
Event: 11.092 GC heap after
Heap after GC invocations=10 (full 1):
 PSYoungGen      total 266752K, used 13823K [0x00000000d6100000, 0x00000000e9680000, 0x0000000100000000)
  eden space 252928K, 0% used [0x00000000d6100000,0x00000000d6100000,0x00000000e5800000)
  from space 13824K, 99% used [0x00000000e5800000,0x00000000e657fcc8,0x00000000e6580000)
  to   space 25088K, 0% used [0x00000000e7e00000,0x00000000e7e00000,0x00000000e9680000)
 ParOldGen       total 61440K, used 39767K [0x0000000082200000, 0x0000000085e00000, 0x00000000d6100000)
  object space 61440K, 64% used [0x0000000082200000,0x00000000848d5e38,0x0000000085e00000)
 Metaspace       used 30391K, capacity 30912K, committed 31152K, reserved 1077248K
  class space    used 3551K, capacity 3719K, committed 3760K, reserved 1048576K
}

