# JRE version: Java(TM) SE Runtime Environment (8.0_162-b12) (build 1.8.0_162-b12)
# Java VM: Java HotSpot(TM) 64-Bit Server VM (25.162-b12 mixed mode windows-amd64 compressed oops)
Heap:
 PSYoungGen      total 266752K, used 86139K [0x00000000d6100000, 0x00000000e9480000, 0x0000000100000000)
  eden space 252928K, 28% used [0x00000000d6100000,0x00000000da7a5a78,0x00000000e5800000)
  from space 13824K, 99% used [0x00000000e5800000,0x00000000e65794c8,0x00000000e6580000)
  to   space 25088K, 0% used [0x00000000e7c00000,0x00000000e7c00000,0x00000000e9480000)
 ParOldGen       total 60928K, used 39546K [0x0000000082200000, 0x0000000085d80000, 0x00000000d6100000)
  object space 60928K, 64% used [0x0000000082200000,0x000000008489ea58,0x0000000085d80000)
 Metaspace       used 30443K, capacity 31004K, committed 31152K, reserved 1077248K
  class space    used 3555K, capacity 3751K, committed 3760K, reserved 1048576K
GC Heap History (10 events):
Event: 5.499 GC heap before
{Heap before GC invocations=6 (full 0):
 PSYoungGen      total 70656K, used 70648K [0x00000000d6100000, 0x00000000df300000, 0x0000000100000000)
  eden space 65536K, 100% used [0x00000000d6100000,0x00000000da100000,0x00000000da100000)
  from space 5120K, 99% used [0x00000000da100000,0x00000000da5fe030,0x00000000da600000)
  to   space 9216K, 0% used [0x00000000dea00000,0x00000000dea00000,0x00000000df300000)
 ParOldGen       total 86016K, used 4661K [0x0000000082200000, 0x0000000087600000, 0x00000000d6100000)
  object space 86016K, 5% used [0x0000000082200000,0x000000008268d458,0x0000000087600000)
 Metaspace       used 18191K, capacity 18606K, committed 18944K, reserved 1067008K
  class space    used 2100K, capacity 2197K, committed 2304K, reserved 1048576K
Event: 5.513 GC heap after
Heap after GC invocations=6 (full 0):
 PSYoungGen      total 139264K, used 9148K [0x00000000d6100000, 0x00000000df500000, 0x0000000100000000)
  eden space 130048K, 0% used [0x00000000d6100000,0x00000000d6100000,0x00000000de000000)
  from space 9216K, 99% used [0x00000000dea00000,0x00000000df2ef3d8,0x00000000df300000)
  to   space 10240K, 0% used [0x00000000de000000,0x00000000de000000,0x00000000dea00000)
 ParOldGen       total 86016K, used 4669K [0x0000000082200000, 0x0000000087600000, 0x00000000d6100000)
  object space 86016K, 5% used [0x0000000082200000,0x000000008268f458,0x0000000087600000)
 Metaspace       used 18191K, capacity 18606K, committed 18944K, reserved 1067008K
  class space    used 2100K, capacity 2197K, committed 2304K, reserved 1048576K
}
Event: 5.984 GC heap before
{Heap before GC invocations=7 (full 0):
 PSYoungGen      total 139264K, used 42653K [0x00000000d6100000, 0x00000000df500000, 0x0000000100000000)
  eden space 130048K, 25% used [0x00000000d6100000,0x00000000d81b8248,0x00000000de000000)
  from space 9216K, 99% used [0x00000000dea00000,0x00000000df2ef3d8,0x00000000df300000)
  to   space 10240K, 0% used [0x00000000de000000,0x00000000de000000,0x00000000dea00000)
 ParOldGen       total 86016K, used 4669K [0x0000000082200000, 0x0000000087600000, 0x00000000d6100000)
  object space 86016K, 5% used [0x0000000082200000,0x000000008268f458,0x0000000087600000)
 Metaspace       used 20830K, capacity 21250K, committed 21296K, reserved 1069056K
  class space    used 2473K, capacity 2589K, committed 2608K, reserved 1048576K
Event: 6.011 GC heap after
Heap after GC invocations=7 (full 0):
 PSYoungGen      total 140288K, used 6480K [0x00000000d6100000, 0x00000000e7300000, 0x0000000100000000)
  eden space 130048K, 0% used [0x00000000d6100000,0x00000000d6100000,0x00000000de000000)
  from space 10240K, 63% used [0x00000000de000000,0x00000000de654120,0x00000000dea00000)
  to   space 10240K, 0% used [0x00000000e6900000,0x00000000e6900000,0x00000000e7300000)
 ParOldGen       total 86016K, used 6869K [0x0000000082200000, 0x0000000087600000, 0x00000000d6100000)
  object space 86016K, 7% used [0x0000000082200000,0x00000000828b54b8,0x0000000087600000)
 Metaspace       used 20830K, capacity 21250K, committed 21296K, reserved 1069056K
  class space    used 2473K, capacity 2589K, committed 2608K, reserved 1048576K
}
Event: 6.011 GC heap before
{Heap before GC invocations=8 (full 1):
 PSYoungGen      total 140288K, used 6480K [0x00000000d6100000, 0x00000000e7300000, 0x0000000100000000)
  eden space 130048K, 0% used [0x00000000d6100000,0x00000000d6100000,0x00000000de000000)
  from space 10240K, 63% used [0x00000000de000000,0x00000000de654120,0x00000000dea00000)
  to   space 10240K, 0% used [0x00000000e6900000,0x00000000e6900000,0x00000000e7300000)
 ParOldGen       total 86016K, used 6869K [0x0000000082200000, 0x0000000087600000, 0x00000000d6100000)
  object space 86016K, 7% used [0x0000000082200000,0x00000000828b54b8,0x0000000087600000)
 Metaspace       used 20830K, capacity 21250K, committed 21296K, reserved 1069056K
  class space    used 2473K, capacity 2589K, committed 2608K, reserved 1048576K
Event: 6.108 GC heap after
Heap after GC invocations=8 (full 1):
 PSYoungGen      total 140288K, used 0K [0x00000000d6100000, 0x00000000e7300000, 0x0000000100000000)
  eden space 130048K, 0% used [0x00000000d6100000,0x00000000d6100000,0x00000000de000000)
  from space 10240K, 0% used [0x00000000de000000,0x00000000de000000,0x00000000dea00000)
  to   space 10240K, 0% used [0x00000000e6900000,0x00000000e6900000,0x00000000e7300000)
 ParOldGen       total 60928K, used 10517K [0x0000000082200000, 0x0000000085d80000, 0x00000000d6100000)
  object space 60928K, 17% used [0x0000000082200000,0x0000000082c454a8,0x0000000085d80000)
 Metaspace       used 20830K, capacity 21250K, committed 21296K, reserved 1069056K
  class space    used 2473K, capacity 2589K, committed 2608K, reserved 1048576K
}
Event: 9.914 GC heap before
{Heap before GC invocations=9 (full 1):
 PSYoungGen      total 140288K, used 130048K [0x00000000d6100000, 0x00000000e7300000, 0x0000000100000000)
  eden space 130048K, 100% used [0x00000000d6100000,0x00000000de000000,0x00000000de000000)
  from space 10240K, 0% used [0x00000000de000000,0x00000000de000000,0x00000000dea00000)
  to   space 10240K, 0% used [0x00000000e6900000,0x00000000e6900000,0x00000000e7300000)
 ParOldGen       total 60928K, used 10517K [0x0000000082200000, 0x0000000085d80000, 0x00000000d6100000)
  object space 60928K, 17% used [0x0000000082200000,0x0000000082c454a8,0x0000000085d80000)
 Metaspace       used 28921K, capacity 29456K, committed 29744K, reserved 1075200K
  class space    used 3383K, capacity 3556K, committed 3632K, reserved 1048576K
Event: 9.934 GC heap after
Heap after GC invocations=9 (full 1):
 PSYoungGen      total 209408K, used 10220K [0x00000000d6100000, 0x00000000e7300000, 0x0000000100000000)
  eden space 199168K, 0% used [0x00000000d6100000,0x00000000d6100000,0x00000000e2380000)
  from space 10240K, 99% used [0x00000000e6900000,0x00000000e72fb238,0x00000000e7300000)
  to   space 13824K, 0% used [0x00000000e5800000,0x00000000e5800000,0x00000000e6580000)
 ParOldGen       total 60928K, used 15828K [0x0000000082200000, 0x0000000085d80000, 0x00000000d6100000)
  object space 60928K, 25% used [0x0000000082200000,0x0000000083175350,0x0000000085d80000)
 Metaspace       used 28921K, capacity 29456K, committed 29744K, reserved 1075200K
  class space    used 3383K, capacity 3556K, committed 3632K, reserved 1048576K
}
Event: 11.392 GC heap before
{Heap before GC invocations=10 (full 1):
 PSYoungGen      total 209408K, used 209388K [0x00000000d6100000, 0x00000000e7300000, 0x0000000100000000)
  eden space 199168K, 100% used [0x00000000d6100000,0x00000000e2380000,0x00000000e2380000)
  from space 10240K, 99% used [0x00000000e6900000,0x00000000e72fb238,0x00000000e7300000)
  to   space 13824K, 0% used [0x00000000e5800000,0x00000000e5800000,0x00000000e6580000)
 ParOldGen       total 60928K, used 15828K [0x0000000082200000, 0x0000000085d80000, 0x00000000d6100000)
  object space 60928K, 25% used [0x0000000082200000,0x0000000083175350,0x0000000085d80000)
 Metaspace       used 30426K, capacity 31004K, committed 31152K, reserved 1077248K
  class space    used 3553K, capacity 3751K, committed 3760K, reserved 1048576K
Event: 11.426 GC heap after
Heap after GC invocations=10 (full 1):
 PSYoungGen      total 266752K, used 13797K [0x00000000d6100000, 0x00000000e9480000, 0x0000000100000000)
  eden space 252928K, 0% used [0x00000000d6100000,0x00000000d6100000,0x00000000e5800000)
  from space 13824K, 99% used [0x00000000e5800000,0x00000000e65794c8,0x00000000e6580000)
  to   space 25088K, 0% used [0x00000000e7c00000,0x00000000e7c00000,0x00000000e9480000)
 ParOldGen       total 60928K, used 39546K [0x0000000082200000, 0x0000000085d80000, 0x00000000d6100000)
  object space 60928K, 64% used [0x0000000082200000,0x000000008489ea58,0x0000000085d80000)
 Metaspace       used 30426K, capacity 31004K, committed 31152K, reserved 1077248K
  class space    used 3553K, capacity 3751K, committed 3760K, reserved 1048576K
}

